<?xml version="1.0" encoding="UTF-8"?>
<!-- Generated by org.testng.reporters.JUnitXMLReporter -->
<testsuite ignored="0" hostname="DESKTOP-R3MDHTL" failures="0" tests="5" name="Default test" time="20.764" errors="0" timestamp="2022-08-15T09:09:21 IST">
  <testcase classname="test.TestClass" name="openTermLife" time="2.672"/>
  <testcase classname="test.TestClass" name="sendBOD" time="0.228"/>
  <testcase classname="test.TestClass" name="sendMOB" time="0.174"/>
  <testcase classname="test.TestClass" name="sendNam" time="0.116"/>
  <testcase classname="test.TestClass" name="submitbutton" time="0.524"/>
</testsuite> <!-- Default test -->
