<?xml version="1.0" encoding="UTF-8"?>
<testng-results ignored="0" total="5" passed="5" failed="0" skipped="0">
  <reporter-output>
    <line>
      <![CDATA[ test case started openTermLife]]>
    </line>
    <line>
      <![CDATA[test cases successfully passed openTermLife]]>
    </line>
    <line>
      <![CDATA[ test case started sendBOD]]>
    </line>
    <line>
      <![CDATA[test cases successfully passed sendBOD]]>
    </line>
    <line>
      <![CDATA[ test case started sendMOB]]>
    </line>
    <line>
      <![CDATA[test cases successfully passed sendMOB]]>
    </line>
    <line>
      <![CDATA[ test case started sendNam]]>
    </line>
    <line>
      <![CDATA[test cases successfully passed sendNam]]>
    </line>
    <line>
      <![CDATA[ test case started submitbutton]]>
    </line>
    <line>
      <![CDATA[submit button]]>
    </line>
    <line>
      <![CDATA[test cases successfully passed submitbutton]]>
    </line>
  </reporter-output>
  <suite started-at="2022-08-15T09:09:00 IST" name="Default suite" finished-at="2022-08-15T09:09:21 IST" duration-ms="20764">
    <groups>
    </groups>
    <test started-at="2022-08-15T09:09:00 IST" name="Default test" finished-at="2022-08-15T09:09:21 IST" duration-ms="20764">
      <class name="test.TestClass">
        <test-method is-config="true" signature="launchBrowser()[pri:0, instance:test.TestClass@f5acb9d]" started-at="2022-08-15T09:09:00 IST" name="launchBrowser" finished-at="2022-08-15T09:09:17 IST" duration-ms="16877" status="PASS">
          <reporter-output>
          </reporter-output>
        </test-method> <!-- launchBrowser -->
        <test-method signature="openTermLife()[pri:0, instance:test.TestClass@f5acb9d]" started-at="2022-08-15T09:09:17 IST" name="openTermLife" finished-at="2022-08-15T09:09:19 IST" duration-ms="2672" status="PASS">
          <reporter-output>
            <line>
              <![CDATA[ test case started openTermLife]]>
            </line>
            <line>
              <![CDATA[test cases successfully passed openTermLife]]>
            </line>
          </reporter-output>
        </test-method> <!-- openTermLife -->
        <test-method signature="sendBOD()[pri:0, instance:test.TestClass@f5acb9d]" started-at="2022-08-15T09:09:19 IST" name="sendBOD" finished-at="2022-08-15T09:09:20 IST" duration-ms="228" status="PASS">
          <reporter-output>
            <line>
              <![CDATA[ test case started sendBOD]]>
            </line>
            <line>
              <![CDATA[test cases successfully passed sendBOD]]>
            </line>
          </reporter-output>
        </test-method> <!-- sendBOD -->
        <test-method signature="sendMOB()[pri:0, instance:test.TestClass@f5acb9d]" started-at="2022-08-15T09:09:20 IST" name="sendMOB" finished-at="2022-08-15T09:09:20 IST" duration-ms="174" status="PASS">
          <reporter-output>
            <line>
              <![CDATA[ test case started sendMOB]]>
            </line>
            <line>
              <![CDATA[test cases successfully passed sendMOB]]>
            </line>
          </reporter-output>
        </test-method> <!-- sendMOB -->
        <test-method signature="sendNam()[pri:0, instance:test.TestClass@f5acb9d]" started-at="2022-08-15T09:09:20 IST" name="sendNam" finished-at="2022-08-15T09:09:20 IST" duration-ms="116" status="PASS">
          <reporter-output>
            <line>
              <![CDATA[ test case started sendNam]]>
            </line>
            <line>
              <![CDATA[test cases successfully passed sendNam]]>
            </line>
          </reporter-output>
        </test-method> <!-- sendNam -->
        <test-method signature="submitbutton()[pri:0, instance:test.TestClass@f5acb9d]" started-at="2022-08-15T09:09:20 IST" name="submitbutton" finished-at="2022-08-15T09:09:21 IST" duration-ms="524" status="PASS">
          <reporter-output>
            <line>
              <![CDATA[ test case started submitbutton]]>
            </line>
            <line>
              <![CDATA[submit button]]>
            </line>
            <line>
              <![CDATA[test cases successfully passed submitbutton]]>
            </line>
          </reporter-output>
        </test-method> <!-- submitbutton -->
      </class> <!-- test.TestClass -->
    </test> <!-- Default test -->
  </suite> <!-- Default suite -->
</testng-results>
